mode: set
api/app/controller/category/category_delete.go:26.41,33.30 5 1
api/app/controller/category/category_delete.go:33.30,37.3 1 0
api/app/controller/category/category_delete.go:39.2,41.18 2 1
api/app/controller/category/category_get.go:30.38,39.2 5 1
api/app/controller/category/category_id_get.go:25.40,32.30 5 1
api/app/controller/category/category_id_get.go:32.30,36.3 1 1
api/app/controller/category/category_id_get.go:38.2,38.28 1 1
api/app/controller/category/category_post.go:26.39,31.51 3 1
api/app/controller/category/category_post.go:31.51,35.3 1 1
api/app/controller/category/category_post.go:37.2,39.24 3 1
api/app/controller/category/category_post.go:39.24,44.3 1 0
api/app/controller/category/category_post.go:45.2,51.4 3 1
api/app/controller/category/category_put.go:27.38,30.43 2 1
api/app/controller/category/category_put.go:30.43,34.3 1 1
api/app/controller/category/category_put.go:36.2,42.30 5 1
api/app/controller/category/category_put.go:42.30,46.3 1 1
api/app/controller/category/category_put.go:48.2,52.24 3 1
api/app/controller/brand/brand_delete.go:26.38,33.30 5 1
api/app/controller/brand/brand_delete.go:33.30,37.3 1 1
api/app/controller/brand/brand_delete.go:39.2,41.18 2 1
api/app/controller/brand/brand_get.go:30.35,39.2 5 1
api/app/controller/brand/brand_id_get.go:25.37,32.30 5 1
api/app/controller/brand/brand_id_get.go:32.30,36.3 1 1
api/app/controller/brand/brand_id_get.go:38.2,38.25 1 1
api/app/controller/brand/brand_post.go:26.36,31.48 3 1
api/app/controller/brand/brand_post.go:31.48,35.3 1 1
api/app/controller/brand/brand_post.go:37.2,39.24 3 1
api/app/controller/brand/brand_post.go:39.24,44.3 1 0
api/app/controller/brand/brand_post.go:45.2,51.4 3 1
api/app/controller/brand/brand_put.go:27.35,30.43 2 1
api/app/controller/brand/brand_put.go:30.43,34.3 1 1
api/app/controller/brand/brand_put.go:36.2,42.30 5 1
api/app/controller/brand/brand_put.go:42.30,46.3 1 1
api/app/controller/brand/brand_put.go:48.2,52.24 3 1
